<?xml version="1.0" encoding="UTF-8"?>
<!-- Generated by org.testng.reporters.JUnitXMLReporter -->
<testsuite ignored="0" hostname="Sai" failures="0" tests="5" name="Test" time="45.922" errors="0" timestamp="2025-08-04T16:31:38 IST">
  <testcase classname="TestCases.LoginPageTest" name="loginTest" time="0.86"/>
  <testcase classname="TestCases.HomePageTest" name="verifyNaukriImgTest" time="0.057"/>
  <testcase classname="TestCases.HomePageTest" name="navigateToViewProfile" time="2.107"/>
  <testcase classname="TestCases.viewProfilePageTest" name="verifyNoticePeriod" time="1.423"/>
  <testcase classname="TestCases.viewProfilePageTest" name="verifyResumeUpload" time="5.115"/>
</testsuite> <!-- Test -->
