<?xml version="1.0" encoding="UTF-8"?>
<!-- Generated by org.testng.reporters.JUnitXMLReporter -->
<testsuite ignored="0" hostname="Sai" failures="0" tests="5" name="Test" time="37.939" errors="0" timestamp="2025-07-27T08:53:32 IST">
  <testcase classname="TestCases.LoginPageTest" name="loginTest" time="2.929"/>
  <testcase classname="TestCases.HomePageTest" name="verifyNaukriImgTest" time="0.048"/>
  <testcase classname="TestCases.HomePageTest" name="navigateToViewProfile" time="1.754"/>
  <testcase classname="TestCases.viewProfilePageTest" name="verifyNoticePeriod" time="1.399"/>
  <testcase classname="TestCases.viewProfilePageTest" name="verifyResumeUpload" time="2.827"/>
</testsuite> <!-- Test -->
