<?xml version="1.0" encoding="UTF-8"?>
<testng-results ignored="0" total="5" passed="5" failed="0" skipped="0">
  <reporter-output>
  </reporter-output>
  <suite started-at="2025-07-27T08:52:54 IST" name="Suite" finished-at="2025-07-27T08:53:32 IST" duration-ms="37939">
    <groups>
    </groups>
    <test started-at="2025-07-27T08:52:54 IST" name="Test" finished-at="2025-07-27T08:53:32 IST" duration-ms="37939">
      <class name="TestCases.viewProfilePageTest">
        <test-method is-config="true" signature="setup()[pri:0, instance:TestCases.viewProfilePageTest@62ddbd7e]" started-at="2025-07-27T08:53:13 IST" name="setup" finished-at="2025-07-27T08:53:20 IST" duration-ms="7220" status="PASS">
          <reporter-output>
          </reporter-output>
        </test-method> <!-- setup -->
        <test-method signature="verifyNoticePeriod()[pri:1, instance:TestCases.viewProfilePageTest@62ddbd7e]" started-at="2025-07-27T08:53:20 IST" name="verifyNoticePeriod" finished-at="2025-07-27T08:53:21 IST" duration-ms="1399" status="PASS">
          <reporter-output>
          </reporter-output>
        </test-method> <!-- verifyNoticePeriod -->
        <test-method is-config="true" signature="tearDown()[pri:0, instance:TestCases.viewProfilePageTest@62ddbd7e]" started-at="2025-07-27T08:53:21 IST" name="tearDown" finished-at="2025-07-27T08:53:22 IST" duration-ms="257" status="PASS">
          <reporter-output>
          </reporter-output>
        </test-method> <!-- tearDown -->
        <test-method is-config="true" signature="setup()[pri:0, instance:TestCases.viewProfilePageTest@62ddbd7e]" started-at="2025-07-27T08:53:22 IST" name="setup" finished-at="2025-07-27T08:53:29 IST" duration-ms="6971" status="PASS">
          <reporter-output>
          </reporter-output>
        </test-method> <!-- setup -->
        <test-method signature="verifyResumeUpload()[pri:2, instance:TestCases.viewProfilePageTest@62ddbd7e]" started-at="2025-07-27T08:53:29 IST" name="verifyResumeUpload" finished-at="2025-07-27T08:53:31 IST" duration-ms="2827" status="PASS">
          <reporter-output>
          </reporter-output>
        </test-method> <!-- verifyResumeUpload -->
        <test-method is-config="true" signature="tearDown()[pri:0, instance:TestCases.viewProfilePageTest@62ddbd7e]" started-at="2025-07-27T08:53:31 IST" name="tearDown" finished-at="2025-07-27T08:53:32 IST" duration-ms="268" status="PASS">
          <reporter-output>
          </reporter-output>
        </test-method> <!-- tearDown -->
      </class> <!-- TestCases.viewProfilePageTest -->
      <class name="TestCases.HomePageTest">
        <test-method is-config="true" signature="setup()[pri:0, instance:TestCases.HomePageTest@4116aac9]" started-at="2025-07-27T08:53:00 IST" name="setup" finished-at="2025-07-27T08:53:05 IST" duration-ms="5212" status="PASS">
          <reporter-output>
          </reporter-output>
        </test-method> <!-- setup -->
        <test-method signature="verifyNaukriImgTest()[pri:1, instance:TestCases.HomePageTest@4116aac9]" started-at="2025-07-27T08:53:05 IST" name="verifyNaukriImgTest" finished-at="2025-07-27T08:53:05 IST" duration-ms="48" status="PASS">
          <reporter-output>
          </reporter-output>
        </test-method> <!-- verifyNaukriImgTest -->
        <test-method is-config="true" signature="tearDown()[pri:0, instance:TestCases.HomePageTest@4116aac9]" started-at="2025-07-27T08:53:05 IST" name="tearDown" finished-at="2025-07-27T08:53:05 IST" duration-ms="194" status="PASS">
          <reporter-output>
          </reporter-output>
        </test-method> <!-- tearDown -->
        <test-method is-config="true" signature="setup()[pri:0, instance:TestCases.HomePageTest@4116aac9]" started-at="2025-07-27T08:53:05 IST" name="setup" finished-at="2025-07-27T08:53:11 IST" duration-ms="5540" status="PASS">
          <reporter-output>
          </reporter-output>
        </test-method> <!-- setup -->
        <test-method signature="navigateToViewProfile()[pri:2, instance:TestCases.HomePageTest@4116aac9]" started-at="2025-07-27T08:53:11 IST" name="navigateToViewProfile" finished-at="2025-07-27T08:53:12 IST" duration-ms="1754" status="PASS">
          <reporter-output>
          </reporter-output>
        </test-method> <!-- navigateToViewProfile -->
        <test-method is-config="true" signature="tearDown()[pri:0, instance:TestCases.HomePageTest@4116aac9]" started-at="2025-07-27T08:53:12 IST" name="tearDown" finished-at="2025-07-27T08:53:13 IST" duration-ms="254" status="PASS">
          <reporter-output>
          </reporter-output>
        </test-method> <!-- tearDown -->
      </class> <!-- TestCases.HomePageTest -->
      <class name="TestCases.LoginPageTest">
        <test-method is-config="true" signature="setup()[pri:0, instance:TestCases.LoginPageTest@5b7a5baa]" started-at="2025-07-27T08:52:54 IST" name="setup" finished-at="2025-07-27T08:52:56 IST" duration-ms="2747" status="PASS">
          <reporter-output>
          </reporter-output>
        </test-method> <!-- setup -->
        <test-method signature="loginTest()[pri:0, instance:TestCases.LoginPageTest@5b7a5baa]" started-at="2025-07-27T08:52:56 IST" name="loginTest" finished-at="2025-07-27T08:52:59 IST" duration-ms="2929" status="PASS">
          <reporter-output>
          </reporter-output>
        </test-method> <!-- loginTest -->
        <test-method is-config="true" signature="tearDown()[pri:0, instance:TestCases.LoginPageTest@5b7a5baa]" started-at="2025-07-27T08:52:59 IST" name="tearDown" finished-at="2025-07-27T08:53:00 IST" duration-ms="236" status="PASS">
          <reporter-output>
          </reporter-output>
        </test-method> <!-- tearDown -->
      </class> <!-- TestCases.LoginPageTest -->
    </test> <!-- Test -->
  </suite> <!-- Suite -->
</testng-results>
