<?xml version="1.0" encoding="UTF-8"?>
<testng-results ignored="0" total="5" passed="5" failed="0" skipped="0">
  <reporter-output>
  </reporter-output>
  <suite started-at="2025-08-04T16:30:52 IST" name="Suite" finished-at="2025-08-04T16:31:38 IST" duration-ms="45922">
    <groups>
    </groups>
    <test started-at="2025-08-04T16:30:52 IST" name="Test" finished-at="2025-08-04T16:31:38 IST" duration-ms="45922">
      <class name="TestCases.viewProfilePageTest">
        <test-method is-config="true" signature="setup()[pri:0, instance:TestCases.viewProfilePageTest@62ddbd7e]" started-at="2025-08-04T16:31:13 IST" name="setup" finished-at="2025-08-04T16:31:21 IST" duration-ms="8039" status="PASS">
          <reporter-output>
          </reporter-output>
        </test-method> <!-- setup -->
        <test-method signature="verifyNoticePeriod()[pri:1, instance:TestCases.viewProfilePageTest@62ddbd7e]" started-at="2025-08-04T16:31:21 IST" name="verifyNoticePeriod" finished-at="2025-08-04T16:31:23 IST" duration-ms="1423" status="PASS">
          <reporter-output>
          </reporter-output>
        </test-method> <!-- verifyNoticePeriod -->
        <test-method is-config="true" signature="tearDown()[pri:0, instance:TestCases.viewProfilePageTest@62ddbd7e]" started-at="2025-08-04T16:31:23 IST" name="tearDown" finished-at="2025-08-04T16:31:23 IST" duration-ms="193" status="PASS">
          <reporter-output>
          </reporter-output>
        </test-method> <!-- tearDown -->
        <test-method is-config="true" signature="setup()[pri:0, instance:TestCases.viewProfilePageTest@62ddbd7e]" started-at="2025-08-04T16:31:23 IST" name="setup" finished-at="2025-08-04T16:31:33 IST" duration-ms="9803" status="PASS">
          <reporter-output>
          </reporter-output>
        </test-method> <!-- setup -->
        <test-method signature="verifyResumeUpload()[pri:2, instance:TestCases.viewProfilePageTest@62ddbd7e]" started-at="2025-08-04T16:31:33 IST" name="verifyResumeUpload" finished-at="2025-08-04T16:31:38 IST" duration-ms="5115" status="PASS">
          <reporter-output>
          </reporter-output>
        </test-method> <!-- verifyResumeUpload -->
        <test-method is-config="true" signature="tearDown()[pri:0, instance:TestCases.viewProfilePageTest@62ddbd7e]" started-at="2025-08-04T16:31:38 IST" name="tearDown" finished-at="2025-08-04T16:31:38 IST" duration-ms="239" status="PASS">
          <reporter-output>
          </reporter-output>
        </test-method> <!-- tearDown -->
      </class> <!-- TestCases.viewProfilePageTest -->
      <class name="TestCases.HomePageTest">
        <test-method is-config="true" signature="setup()[pri:0, instance:TestCases.HomePageTest@4116aac9]" started-at="2025-08-04T16:30:58 IST" name="setup" finished-at="2025-08-04T16:31:05 IST" duration-ms="6496" status="PASS">
          <reporter-output>
          </reporter-output>
        </test-method> <!-- setup -->
        <test-method signature="verifyNaukriImgTest()[pri:1, instance:TestCases.HomePageTest@4116aac9]" started-at="2025-08-04T16:31:05 IST" name="verifyNaukriImgTest" finished-at="2025-08-04T16:31:05 IST" duration-ms="57" status="PASS">
          <reporter-output>
          </reporter-output>
        </test-method> <!-- verifyNaukriImgTest -->
        <test-method is-config="true" signature="tearDown()[pri:0, instance:TestCases.HomePageTest@4116aac9]" started-at="2025-08-04T16:31:05 IST" name="tearDown" finished-at="2025-08-04T16:31:05 IST" duration-ms="199" status="PASS">
          <reporter-output>
          </reporter-output>
        </test-method> <!-- tearDown -->
        <test-method is-config="true" signature="setup()[pri:0, instance:TestCases.HomePageTest@4116aac9]" started-at="2025-08-04T16:31:05 IST" name="setup" finished-at="2025-08-04T16:31:11 IST" duration-ms="5625" status="PASS">
          <reporter-output>
          </reporter-output>
        </test-method> <!-- setup -->
        <test-method signature="navigateToViewProfile()[pri:2, instance:TestCases.HomePageTest@4116aac9]" started-at="2025-08-04T16:31:11 IST" name="navigateToViewProfile" finished-at="2025-08-04T16:31:13 IST" duration-ms="2107" status="PASS">
          <reporter-output>
          </reporter-output>
        </test-method> <!-- navigateToViewProfile -->
        <test-method is-config="true" signature="tearDown()[pri:0, instance:TestCases.HomePageTest@4116aac9]" started-at="2025-08-04T16:31:13 IST" name="tearDown" finished-at="2025-08-04T16:31:13 IST" duration-ms="243" status="PASS">
          <reporter-output>
          </reporter-output>
        </test-method> <!-- tearDown -->
      </class> <!-- TestCases.HomePageTest -->
      <class name="TestCases.LoginPageTest">
        <test-method is-config="true" signature="setup()[pri:0, instance:TestCases.LoginPageTest@5b7a5baa]" started-at="2025-08-04T16:30:52 IST" name="setup" finished-at="2025-08-04T16:30:57 IST" duration-ms="5273" status="PASS">
          <reporter-output>
          </reporter-output>
        </test-method> <!-- setup -->
        <test-method signature="loginTest()[pri:0, instance:TestCases.LoginPageTest@5b7a5baa]" started-at="2025-08-04T16:30:57 IST" name="loginTest" finished-at="2025-08-04T16:30:58 IST" duration-ms="860" status="PASS">
          <reporter-output>
          </reporter-output>
        </test-method> <!-- loginTest -->
        <test-method is-config="true" signature="tearDown()[pri:0, instance:TestCases.LoginPageTest@5b7a5baa]" started-at="2025-08-04T16:30:58 IST" name="tearDown" finished-at="2025-08-04T16:30:58 IST" duration-ms="185" status="PASS">
          <reporter-output>
          </reporter-output>
        </test-method> <!-- tearDown -->
      </class> <!-- TestCases.LoginPageTest -->
    </test> <!-- Test -->
  </suite> <!-- Suite -->
</testng-results>
